22:57:14.227 [main] INFO  Sample.Alert - The user has open the required browser
22:57:20.094 [main] INFO  Sample.Alert - The user gets into the required practice page
22:57:20.585 [main] INFO  Sample.Alert - This user has generated the Alert
22:57:20.596 [main] INFO  Sample.Alert - The user has handled the required Alert
22:57:20.712 [main] INFO  Sample.Alert - The user generated the confirmation Alert
22:57:20.721 [main] INFO  Sample.Alert - The Alert has been accpeted
22:57:20.767 [main] INFO  Sample.Alert - The user has generated the confirmation Alert again
22:57:20.778 [main] INFO  Sample.Alert - The given text has been compared
22:57:20.788 [main] INFO  Sample.Alert - The Alert has been dismissed
22:57:21.386 [main] INFO  Sample.Alert - The user chose quit the driver
22:58:55.460 [main] INFO  Sample.Alert - The user has open the required browser
22:59:02.457 [main] INFO  Sample.Alert - The user gets into the required practice page
22:59:02.836 [main] INFO  Sample.Alert - This user has generated the Alert
22:59:02.849 [main] INFO  Sample.Alert - The user has handled the required Alert
22:59:02.930 [main] INFO  Sample.Alert - The user generated the confirmation Alert
22:59:02.938 [main] INFO  Sample.Alert - The Alert has been accpeted
22:59:02.993 [main] INFO  Sample.Alert - The user has generated the confirmation Alert again
22:59:03.003 [main] INFO  Sample.Alert - The given text has been compared
22:59:03.012 [main] INFO  Sample.Alert - The Alert has been dismissed
22:59:03.584 [main] INFO  Sample.Alert - The user chose quit the driver
